atlassianqa
bidisk
budget
budget2
budget3
budunit
budunit01
children3
csdvmb
csdvmc
csis
csis2disk
csis2rsc
csis5
csisrsc
csplotter
edcprod
ex90
ex90rsc
iasdev
jenkins
jenkins02
kbserver
ldapdev2
lin02
linwsdev
pfrserver
planunit
planunit3
provserver
sasprod
sasstm
scansrv
scansrv2
sles11
solrep
ssm
sun04
sun04-rsc
sun05
sun05-rsc
sun06
sun06-rsc
sun07
sun07-rsc
sun08-rsc
sun2
sun2rsc
sun3rsc
tcsfs
tcsfs01
tcsfs01-rsc
tcsfs-rsc
tcsldpool
tcsmgnt
tcsops
tcsvm02
tcsvm02-rsc
tcsvm03
toolbox
vlin01
vlin02
vsun01
vsun02
vsun03
vsun04
vsun05
vsun06
vsun07
vsun09
vsun10
